Hammer.RateBase: INFO  Integrating rate 511 -> -413 16 -15
Hammer.RateBase: INFO  Integrating rate 511 -> -413 16 -15
Hammer.RateBase: INFO  Integrating rate 511 -> -413 16 -15
Hammer.RateBase: INFO  Integrating rate 511 -> -413 16 -15
Hammer.RateBase: INFO  Integrating rate 521 -> -10421 14 -13
Hammer.RateBase: INFO  Integrating rate 521 -> -10421 14 -13
Hammer.RateBase: INFO  Integrating rate 521 -> -423 14 -13
Hammer.RateBase: INFO  Integrating rate 521 -> -423 14 -13
Hammer.RateBase: INFO  Integrating rate 521 -> -423 14 -13
Hammer.RateBase: INFO  Integrating rate 521 -> -423 14 -13
Hammer.RateBase: INFO  Integrating rate 521 -> -20423 16 -15
Hammer.RateBase: INFO  Integrating rate 521 -> -20423 16 -15
Hammer.RateBase: INFO  Integrating rate 511 -> -413 14 -13
Hammer.RateBase: INFO  Integrating rate 511 -> -413 14 -13
Hammer.RateBase: INFO  Integrating rate 511 -> -415 14 -13
Hammer.RateBase: INFO  Integrating rate 511 -> -415 14 -13
Cleanups
Total number of candidates: 11306
Hammer reweighted candidates: 11216
Reweighted fraction: 0.99204
