Hammer.RateBase: INFO  Integrating rate 511 -> -413 14 -13
Hammer.RateBase: INFO  Integrating rate 511 -> -413 14 -13
Hammer.RateBase: INFO  Integrating rate 511 -> -413 14 -13
Hammer.RateBase: INFO  Integrating rate 511 -> -413 14 -13
Hammer.RateBase: INFO  Integrating rate 521 -> -423 14 -13
Hammer.RateBase: INFO  Integrating rate 521 -> -423 14 -13
Hammer.RateBase: INFO  Integrating rate 521 -> -421 14 -13
Hammer.RateBase: INFO  Integrating rate 521 -> -421 14 -13
WARN: HAMMER doesn't like candidate for reweighting: 7575
========
True q2 (GeV): 7.74623
B meson ID: 511
D meson ID: -413
D daughter 0 ID: -421
D daughter 1 ID: -211
D daughter 2 ID: 0
Is tau decay: 0
Current candidate index: 7575
B meson 4-mom: 112539.09, 7978.16, -464.19, 112130.76
B meson inv.m: 5279.58
D meson 4-mom: 43508.76, 3121.74, 810.28, 43342.47
D meson inv.m: 2010.23
D daughter idx 0 4-mom: 40133.21, 2878.22, 709.78, 39980.11
D daughter idx 0 inv.m: 1864.84
D daughter idx 1 4-mom: 3375.55, 243.52, 100.50, 3362.36
D daughter idx 1 inv.m: 139.57
Mu 4-mom: 59702.75, 3548.08, -391.67, 59595.21
Mu inv.m: 294.465
anti-MuNu 4-mom: 9327.58, 1308.34, -882.80, 9193.08
anti-MuNu inv.m: 0.00012207
B meson HAMMER ID: 0
D meson HAMMER ID: 1
D daughter HAMMER IDs:  4  5
Lepton HAMMER ID: 2
Lepton neutrino HAMMER ID: 3
Check if invariant mass of each particle is non-negative: 
  1  1  1  1  1  1  1
All particles have OK kinematics: 1
========
WARN: HAMMER doesn't like candidate for reweighting: 8234
========
True q2 (GeV): 6.05839
B meson ID: -511
D meson ID: 413
D daughter 0 ID: 421
D daughter 1 ID: 211
D daughter 2 ID: 0
Is tau decay: 0
Current candidate index: 8234
B meson 4-mom: 244464.57, 1679.83, -18154.50, 243726.58
B meson inv.m: 5279.58
D meson 4-mom: 54057.45, 203.56, -3480.38, 53907.44
D meson inv.m: 2010.24
D daughter idx 0 4-mom: 50929.66, 200.13, -3304.48, 50787.72
D daughter idx 0 inv.m: 1864.84
D daughter idx 1 4-mom: 3127.79, 3.43, -175.90, 3119.72
D daughter idx 1 inv.m: 139.57
Mu 4-mom: 76238.91, 1154.37, -6935.00, 75913.99
Mu inv.m: 105.618
anti-MuNu 4-mom: 114168.21, 321.90, -7739.12, 113905.15
anti-MuNu inv.m: 0.00276214
B meson HAMMER ID: 0
D meson HAMMER ID: 1
D daughter HAMMER IDs:  4  5
Lepton HAMMER ID: 2
Lepton neutrino HAMMER ID: 3
Check if invariant mass of each particle is non-negative: 
  1  1  1  1  1  1  1
All particles have OK kinematics: 1
========
Hammer.RateBase: INFO  Integrating rate 521 -> -423 14 -13
Hammer.RateBase: INFO  Integrating rate 521 -> -423 14 -13
Hammer.RateBase: INFO  Integrating rate 521 -> -421 14 -13
Hammer.RateBase: INFO  Integrating rate 521 -> -421 14 -13
Hammer.RateBase: INFO  Integrating rate 521 -> -423 16 -15
Hammer.RateBase: INFO  Integrating rate 521 -> -423 16 -15
Hammer.RateBase: INFO  Integrating rate 511 -> -20413 14 -13
Hammer.RateBase: INFO  Integrating rate 511 -> -20413 14 -13
WARN: HAMMER doesn't like candidate for reweighting: 34658
========
True q2 (GeV): 8.52889
B meson ID: 511
D meson ID: -413
D daughter 0 ID: -421
D daughter 1 ID: -211
D daughter 2 ID: 0
Is tau decay: 0
Current candidate index: 34658
B meson 4-mom: 257533.53, 8815.50, -318.15, 257328.26
B meson inv.m: 5279.58
D meson 4-mom: 82920.48, 2510.25, -803.39, 82854.20
D meson inv.m: 2010.26
D daughter idx 0 4-mom: 77213.12, 2353.61, -712.83, 77151.41
D daughter idx 0 inv.m: 1864.84
D daughter idx 1 4-mom: 5707.37, 156.64, -90.56, 5702.79
D daughter idx 1 inv.m: 139.57
Mu 4-mom: 146282.12, 4208.44, 444.22, 146220.86
Mu inv.m: 105.39
anti-MuNu 4-mom: 28330.93, 2096.81, 41.02, 28253.20
anti-MuNu inv.m: 0.000345267
B meson HAMMER ID: 0
D meson HAMMER ID: 1
D daughter HAMMER IDs:  4  5
Lepton HAMMER ID: 2
Lepton neutrino HAMMER ID: 3
Check if invariant mass of each particle is non-negative: 
  1  1  1  1  1  1  1
All particles have OK kinematics: 1
========
Cleanups
Total number of candidates: 35441
Hammer reweighted candidates: 35257
Reweighted fraction: 0.994808
