Hammer.RateBase: INFO  Integrating rate 511 -> -10411 16 -15
Hammer.RateBase: INFO  Integrating rate 511 -> -10411 16 -15
Hammer.RateBase: INFO  Integrating rate 511 -> -10413 16 -15
Hammer.RateBase: INFO  Integrating rate 511 -> -10413 16 -15
Hammer.RateBase: INFO  Integrating rate 511 -> -10413 16 -15
Hammer.RateBase: INFO  Integrating rate 511 -> -10413 16 -15
Hammer.RateBase: INFO  Integrating rate 511 -> -10411 16 -15
Hammer.RateBase: INFO  Integrating rate 511 -> -10411 16 -15
Hammer.RateBase: INFO  Integrating rate 511 -> -20413 16 -15
Hammer.RateBase: INFO  Integrating rate 511 -> -20413 16 -15
Hammer.RateBase: INFO  Integrating rate 511 -> -20413 16 -15
Hammer.RateBase: INFO  Integrating rate 511 -> -20413 16 -15
Hammer.RateBase: INFO  Integrating rate 511 -> -415 16 -15
Hammer.RateBase: INFO  Integrating rate 511 -> -415 16 -15
Hammer.RateBase: INFO  Integrating rate 511 -> -415 16 -15
Hammer.RateBase: INFO  Integrating rate 511 -> -415 16 -15
Hammer.RateBase: INFO  Integrating rate 511 -> -20413 14 -13
Hammer.RateBase: INFO  Integrating rate 511 -> -20413 14 -13
Hammer.RateBase: INFO  Integrating rate 521 -> -423 14 -13
Hammer.RateBase: INFO  Integrating rate 521 -> -423 14 -13
Hammer.RateBase: INFO  Integrating rate 511 -> -413 14 -13
Hammer.RateBase: INFO  Integrating rate 511 -> -413 14 -13
Hammer.RateBase: INFO  Integrating rate 521 -> -423 14 -13
Hammer.RateBase: INFO  Integrating rate 521 -> -423 14 -13
Hammer.RateBase: INFO  Integrating rate 511 -> -413 14 -13
Hammer.RateBase: INFO  Integrating rate 511 -> -413 14 -13
Hammer.RateBase: INFO  Integrating rate 521 -> -421 14 -13
Hammer.RateBase: INFO  Integrating rate 521 -> -421 14 -13
Cleanups
Total number of candidates: 11078
Hammer reweighted candidates: 10994
Reweighted fraction: 0.992417
