Hammer.RateBase: INFO  Integrating rate 511 -> -10411 16 -15
Hammer.RateBase: INFO  Integrating rate 511 -> -10411 16 -15
Hammer.RateBase: INFO  Integrating rate 511 -> -20413 16 -15
Hammer.RateBase: INFO  Integrating rate 511 -> -20413 16 -15
Hammer.RateBase: INFO  Integrating rate 511 -> -20413 16 -15
Hammer.RateBase: INFO  Integrating rate 511 -> -20413 16 -15
Hammer.RateBase: INFO  Integrating rate 511 -> -10413 16 -15
Hammer.RateBase: INFO  Integrating rate 511 -> -10413 16 -15
Hammer.RateBase: INFO  Integrating rate 511 -> -10413 16 -15
Hammer.RateBase: INFO  Integrating rate 511 -> -10413 16 -15
Hammer.RateBase: INFO  Integrating rate 511 -> -415 16 -15
Hammer.RateBase: INFO  Integrating rate 511 -> -415 16 -15
Hammer.RateBase: INFO  Integrating rate 511 -> -10411 16 -15
Hammer.RateBase: INFO  Integrating rate 511 -> -10411 16 -15
Hammer.RateBase: INFO  Integrating rate 511 -> -415 16 -15
Hammer.RateBase: INFO  Integrating rate 511 -> -415 16 -15
Hammer.RateBase: INFO  Integrating rate 511 -> -413 14 -13
Hammer.RateBase: INFO  Integrating rate 511 -> -413 14 -13
Cleanups
Total number of candidates: 1370
Hammer reweighted candidates: 1194
Reweighted fraction: 0.871533
